<?xml version="1.0" encoding="UTF-8"?>
<!-- Generated by org.testng.reporters.JUnitReportReporter -->
<testsuite hostname="LAPTOP-U7HBVMA8" name="com.Tig.test.CreateDuplicatePurchaseOrder1" tests="1" failures="0" timestamp="31 Aug 2020 09:55:16 GMT" time="54.611" errors="0">
  <testcase name="toCreateDuplicate1" time="54.611" classname="com.Tig.test.CreateDuplicatePurchaseOrder1"/>
</testsuite> <!-- com.Tig.test.CreateDuplicatePurchaseOrder1 -->
