<?xml version="1.0" encoding="UTF-8"?>
<!-- Generated by org.testng.reporters.JUnitReportReporter -->
<testsuite hostname="DESKTOP-IJ4R9E9" failures="0" tests="1" name="com.vtiger.testdata.DelCampaign" time="28.259" errors="0" timestamp="2020-08-24T20:28:58 IST" skipped="0">
  <testcase classname="com.vtiger.testdata.DelCampaign" name="testDelCampaign" time="28.259"/>
  <system-out/>
</testsuite> <!-- com.vtiger.testdata.DelCampaign -->
