<?xml version="1.0" encoding="UTF-8"?>
<!-- Generated by org.testng.reporters.JUnitReportReporter -->
<testsuite hostname="DESKTOP-IJ4R9E9" failures="0" tests="1" name="com.vtiger.testdata.DuplicateVendor" time="46.614" errors="0" timestamp="2020-08-24T20:37:25 IST" skipped="0">
  <testcase classname="com.vtiger.testdata.DuplicateVendor" name="testDuplicateVendor" time="46.614"/>
  <system-out/>
</testsuite> <!-- com.vtiger.testdata.DuplicateVendor -->
