<?xml version="1.0" encoding="UTF-8"?>
<!-- Generated by org.testng.reporters.JUnitReportReporter -->
<testsuite hostname="DESKTOP-IJ4R9E9" failures="0" tests="1" name="com.vtiger.testdata.EditVendor1" time="37.448" errors="0" timestamp="2020-08-24T20:40:48 IST" skipped="0">
  <testcase classname="com.vtiger.testdata.EditVendor1" name="testEditVendor1" time="37.448"/>
  <system-out/>
</testsuite> <!-- com.vtiger.testdata.EditVendor1 -->
