<?xml version="1.0" encoding="UTF-8"?>
<!-- Generated by org.testng.reporters.JUnitReportReporter -->
<testsuite hostname="DESKTOP-IJ4R9E9" failures="0" tests="1" name="com.vtiger.testdata.RestoreNegative" time="31.591" errors="0" timestamp="2020-08-24T20:55:53 IST" skipped="0">
  <testcase classname="com.vtiger.testdata.RestoreNegative" name="testRestoreNegative" time="31.591"/>
  <system-out/>
</testsuite> <!-- com.vtiger.testdata.RestoreNegative -->
