<?xml version="1.0" encoding="UTF-8"?>
<!-- Generated by org.testng.reporters.JUnitReportReporter -->
<testsuite hostname="DESKTOP-IJ4R9E9" failures="0" tests="1" name="com.vtiger.testdata.VendorsSettings1" time="45.138" errors="0" timestamp="2020-08-24T21:05:56 IST" skipped="0">
  <testcase classname="com.vtiger.testdata.VendorsSettings1" name="testVendorsSettings1" time="45.138"/>
  <system-out/>
</testsuite> <!-- com.vtiger.testdata.VendorsSettings1 -->
