<?xml version="1.0" encoding="UTF-8"?>
<!-- Generated by org.testng.reporters.JUnitReportReporter -->
<testsuite hostname="DESKTOP-IJ4R9E9" failures="0" tests="1" name="com.vtiger.testdata.CreateVendorNegative" time="23.057" errors="0" timestamp="2020-08-20T15:58:34 IST" skipped="0">
  <testcase classname="com.vtiger.testdata.CreateVendorNegative" name="testCreateVendorNegative" time="23.057"/>
  <system-out/>
</testsuite> <!-- com.vtiger.testdata.CreateVendorNegative -->
