<?xml version="1.0" encoding="UTF-8"?>
<!-- Generated by org.testng.reporters.JUnitReportReporter -->
<testsuite hostname="DESKTOP-IJ4R9E9" failures="0" tests="1" name="com.vtiger.testdata.AdvanceSearchCampaign2" time="38.506" errors="0" timestamp="2020-08-24T20:04:10 IST" skipped="0">
  <testcase classname="com.vtiger.testdata.AdvanceSearchCampaign2" name="testAdvanceSearchCampaign2" time="38.506"/>
  <system-out/>
</testsuite> <!-- com.vtiger.testdata.AdvanceSearchCampaign2 -->
