<?xml version="1.0" encoding="UTF-8"?>
<!-- Generated by org.testng.reporters.JUnitReportReporter -->
<testsuite hostname="DESKTOP-IJ4R9E9" failures="0" tests="1" name="com.vtiger.testdata.CreateNewCampaign" time="76.471" errors="0" timestamp="2020-08-27T18:42:37 IST" skipped="0">
  <testcase classname="com.vtiger.testdata.CreateNewCampaign" name="testCreateNewCampaign" time="76.471"/>
  <system-out/>
</testsuite> <!-- com.vtiger.testdata.CreateNewCampaign -->
