<?xml version="1.0" encoding="UTF-8"?>
<!-- Generated by org.testng.reporters.JUnitReportReporter -->
<testsuite hostname="DESKTOP-IJ4R9E9" failures="0" tests="1" name="com.vtiger.testdata.ImportVendor1" time="47.260" errors="0" timestamp="2020-08-24T20:44:55 IST" skipped="0">
  <testcase classname="com.vtiger.testdata.ImportVendor1" name="testImportVendor1" time="47.260"/>
  <system-out/>
</testsuite> <!-- com.vtiger.testdata.ImportVendor1 -->
