<?xml version="1.0" encoding="UTF-8"?>
<!-- Generated by org.testng.reporters.JUnitReportReporter -->
<testsuite hostname="DESKTOP-IJ4R9E9" failures="0" tests="1" name="com.vtiger.testdata.AdvanceSearchNegative" time="30.927" errors="0" timestamp="2020-08-24T20:08:17 IST" skipped="0">
  <testcase classname="com.vtiger.testdata.AdvanceSearchNegative" name="testAdvanceSearchNegative" time="30.927"/>
  <system-out/>
</testsuite> <!-- com.vtiger.testdata.AdvanceSearchNegative -->
