<?xml version="1.0" encoding="UTF-8"?>
<!-- Generated by org.testng.reporters.JUnitReportReporter -->
<testsuite hostname="DESKTOP-IJ4R9E9" failures="0" tests="1" name="com.vtiger.testdata.SearchCampaignUsingInvalidData" time="33.260" errors="0" timestamp="2020-08-24T20:59:33 IST" skipped="0">
  <testcase classname="com.vtiger.testdata.SearchCampaignUsingInvalidData" name="testSearchCampaignUsingInvalidData" time="33.260"/>
  <system-out/>
</testsuite> <!-- com.vtiger.testdata.SearchCampaignUsingInvalidData -->
