<?xml version="1.0" encoding="UTF-8"?>
<!-- Generated by org.testng.reporters.JUnitReportReporter -->
<testsuite hostname="DESKTOP-IJ4R9E9" failures="0" tests="1" name="com.vtiger.testdata.MassEdit" time="47.031" errors="0" timestamp="2020-08-21T12:33:29 IST" skipped="0">
  <testcase classname="com.vtiger.testdata.MassEdit" name="testMassEdit" time="47.031"/>
  <system-out/>
</testsuite> <!-- com.vtiger.testdata.MassEdit -->
