<?xml version="1.0" encoding="UTF-8"?>
<!-- Generated by org.testng.reporters.JUnitReportReporter -->
<testsuite hostname="DESKTOP-IJ4R9E9" failures="0" tests="1" name="com.vtiger.testdata.CreateCust" time="22.482" errors="0" timestamp="2020-08-20T14:30:12 IST" skipped="0">
  <testcase classname="com.vtiger.testdata.CreateCust" name="testCreateCust" time="22.482"/>
  <system-out>
execute  </system-out>
</testsuite> <!-- com.vtiger.testdata.CreateCust -->
