<?xml version="1.0" encoding="UTF-8"?>
<!-- Generated by org.testng.reporters.JUnitReportReporter -->
<testsuite hostname="DESKTOP-IJ4R9E9" failures="0" tests="1" name="com.vtiger.testdata.AdvanceSearchCampaign1" time="38.816" errors="0" timestamp="2020-08-24T20:02:47 IST" skipped="0">
  <testcase classname="com.vtiger.testdata.AdvanceSearchCampaign1" name="testAdvanceSearchCampaign1" time="38.816"/>
  <system-out/>
</testsuite> <!-- com.vtiger.testdata.AdvanceSearchCampaign1 -->
