<?xml version="1.0" encoding="UTF-8"?>
<!-- Generated by org.testng.reporters.JUnitReportReporter -->
<testsuite hostname="DESKTOP-IJ4R9E9" failures="0" tests="1" name="com.vtiger.testdata.CreateCust" time="17.085" errors="0" timestamp="2020-08-22T15:14:53 IST" skipped="0">
  <testcase classname="com.vtiger.testdata.CreateCust" name="testCreateCust" time="17.085"/>
  <system-out>
execute  </system-out>
</testsuite> <!-- com.vtiger.testdata.CreateCust -->
