<?xml version="1.0" encoding="UTF-8"?>
<!-- Generated by org.testng.reporters.JUnitReportReporter -->
<testsuite hostname="DESKTOP-IJ4R9E9" failures="0" tests="1" name="com.vtiger.testdata.SearchVendor" time="71.688" errors="0" timestamp="2020-08-24T19:45:09 IST" skipped="0">
  <testcase classname="com.vtiger.testdata.SearchVendor" name="testSearchVendor" time="71.688"/>
  <system-out/>
</testsuite> <!-- com.vtiger.testdata.SearchVendor -->
