<?xml version="1.0" encoding="UTF-8"?>
<!-- Generated by org.testng.reporters.JUnitReportReporter -->
<testsuite hostname="DESKTOP-IJ4R9E9" failures="0" tests="1" name="com.vtiger.testdata.MassEditCampaign1" time="41.144" errors="0" timestamp="2020-08-24T20:48:15 IST" skipped="0">
  <testcase classname="com.vtiger.testdata.MassEditCampaign1" name="testMassEditCampaign1" time="41.144"/>
  <system-out/>
</testsuite> <!-- com.vtiger.testdata.MassEditCampaign1 -->
