<?xml version="1.0" encoding="UTF-8"?>
<!-- Generated by org.testng.reporters.JUnitReportReporter -->
<testsuite hostname="DESKTOP-IJ4R9E9" failures="0" tests="1" name="com.vtiger.testdata.DeleteCampaignNegative" time="30.835" errors="0" timestamp="2020-08-24T20:30:21 IST" skipped="0">
  <testcase classname="com.vtiger.testdata.DeleteCampaignNegative" name="testDeleteCampaignNegative" time="30.835"/>
  <system-out/>
</testsuite> <!-- com.vtiger.testdata.DeleteCampaignNegative -->
