<?xml version="1.0" encoding="UTF-8"?>
<!-- Generated by org.testng.reporters.JUnitReportReporter -->
<testsuite hostname="DESKTOP-IJ4R9E9" failures="0" tests="1" name="com.vtiger.pom.DuplicateVendor" time="46.975" errors="0" timestamp="2020-08-21T14:11:39 IST" skipped="0">
  <testcase classname="com.vtiger.pom.DuplicateVendor" name="testDuplicateVendor" time="46.975"/>
  <system-out/>
</testsuite> <!-- com.vtiger.pom.DuplicateVendor -->
