<?xml version="1.0" encoding="UTF-8"?>
<!-- Generated by org.testng.reporters.JUnitReportReporter -->
<testsuite hostname="DESKTOP-IJ4R9E9" failures="0" tests="1" name="com.vtiger.testdata.CreateDuplicateCampaign" time="97.626" errors="0" timestamp="2020-08-24T19:45:09 IST" skipped="0">
  <testcase classname="com.vtiger.testdata.CreateDuplicateCampaign" name="testCreateDuplicateCampaign" time="97.626"/>
  <system-out/>
</testsuite> <!-- com.vtiger.testdata.CreateDuplicateCampaign -->
