<?xml version="1.0" encoding="UTF-8"?>
<!-- Generated by org.testng.reporters.JUnitReportReporter -->
<testsuite hostname="DESKTOP-IJ4R9E9" failures="0" tests="1" name="com.vtiger.testdata.ExportVendors" time="33.838" errors="0" timestamp="2020-08-24T20:43:25 IST" skipped="0">
  <testcase classname="com.vtiger.testdata.ExportVendors" name="testExportVendors" time="33.838"/>
  <system-out/>
</testsuite> <!-- com.vtiger.testdata.ExportVendors -->
