<?xml version="1.0" encoding="UTF-8"?>
<!-- Generated by org.testng.reporters.JUnitReportReporter -->
<testsuite hostname="DESKTOP-IJ4R9E9" failures="0" tests="1" name="com.vtiger.testdata.CreateNewVendor" time="40.250" errors="0" timestamp="2020-08-20T15:44:24 IST" skipped="0">
  <testcase classname="com.vtiger.testdata.CreateNewVendor" name="testCreateNewVendor" time="40.250"/>
  <system-out/>
</testsuite> <!-- com.vtiger.testdata.CreateNewVendor -->
