<?xml version="1.0" encoding="UTF-8"?>
<!-- Generated by org.testng.reporters.JUnitReportReporter -->
<testsuite hostname="DESKTOP-IJ4R9E9" failures="0" tests="1" name="com.vtiger.testdata.MassEdit1" time="35.841" errors="0" timestamp="2020-08-21T13:34:20 IST" skipped="0">
  <testcase classname="com.vtiger.testdata.MassEdit1" name="testMassEdit1" time="35.841"/>
  <system-out/>
</testsuite> <!-- com.vtiger.testdata.MassEdit1 -->
