<?xml version="1.0" encoding="UTF-8"?>
<!-- Generated by org.testng.reporters.JUnitReportReporter -->
<testsuite hostname="DESKTOP-IJ4R9E9" failures="0" tests="1" name="com.vtiger.testdata.DelVendorLink" time="33.708" errors="0" timestamp="2020-08-24T20:31:41 IST" skipped="0">
  <testcase classname="com.vtiger.testdata.DelVendorLink" name="testDelVendorLink" time="33.708"/>
  <system-out/>
</testsuite> <!-- com.vtiger.testdata.DelVendorLink -->
