<?xml version="1.0" encoding="UTF-8"?>
<!-- Generated by org.testng.reporters.JUnitReportReporter -->
<testsuite hostname="DESKTOP-IJ4R9E9" failures="0" tests="1" name="com.vtiger.testdata.EditVendor" time="50.232" errors="0" timestamp="2020-08-30T14:39:07 IST" skipped="0">
  <testcase classname="com.vtiger.testdata.EditVendor" name="testEditVendor" time="50.232"/>
  <system-out/>
</testsuite> <!-- com.vtiger.testdata.EditVendor -->
