<?xml version="1.0" encoding="UTF-8"?>
<!-- Generated by org.testng.reporters.JUnitReportReporter -->
<testsuite hostname="DESKTOP-IJ4R9E9" failures="0" tests="1" name="com.vtiger.testdata.MassEditNegative" time="35.116" errors="0" timestamp="2020-08-21T13:26:48 IST" skipped="0">
  <testcase classname="com.vtiger.testdata.MassEditNegative" name="testMassEditNegative" time="35.116"/>
  <system-out/>
</testsuite> <!-- com.vtiger.testdata.MassEditNegative -->
