<?xml version="1.0" encoding="UTF-8"?>
<!-- Generated by org.testng.reporters.JUnitReportReporter -->
<testsuite hostname="DESKTOP-IJ4R9E9" failures="0" tests="1" name="com.vtiger.testdata.MassEditCampaignNegative" time="58.392" errors="0" timestamp="2020-08-24T19:45:09 IST" skipped="0">
  <testcase classname="com.vtiger.testdata.MassEditCampaignNegative" name="testMassEditCampaignNegative" time="58.392"/>
  <system-out/>
</testsuite> <!-- com.vtiger.testdata.MassEditCampaignNegative -->
