<?xml version="1.0" encoding="UTF-8"?>
<!-- Generated by org.testng.reporters.JUnitReportReporter -->
<testsuite hostname="LAPTOP-U7HBVMA8" name="com.Tiger2.CreateDuplicatePurchaseOrder2" tests="1" failures="0" timestamp="25 Aug 2020 10:52:21 GMT" time="27.457" errors="0">
  <testcase name="toCreateDuplicate2" time="27.457" classname="com.Tiger2.CreateDuplicatePurchaseOrder2"/>
</testsuite> <!-- com.Tiger2.CreateDuplicatePurchaseOrder2 -->
