<?xml version="1.0" encoding="UTF-8"?>
<!-- Generated by org.testng.reporters.JUnitReportReporter -->
<testsuite hostname="LAPTOP-U7HBVMA8" name="com.Tiger2.CreateFilterSales1" tests="1" failures="0" timestamp="25 Aug 2020 11:45:33 GMT" time="20.471" errors="0">
  <testcase name="toCreateFilter1" time="20.471" classname="com.Tiger2.CreateFilterSales1"/>
</testsuite> <!-- com.Tiger2.CreateFilterSales1 -->
