<?xml version="1.0" encoding="UTF-8"?>
<!-- Generated by org.testng.reporters.JUnitReportReporter -->
<testsuite hostname="LAPTOP-U7HBVMA8" name="com.Tiger2.CreatePurchaseOrder4" tests="1" failures="0" timestamp="24 Aug 2020 17:04:07 GMT" time="13.544" errors="0">
  <testcase name="toCreatePurchaseOrder4" time="13.544" classname="com.Tiger2.CreatePurchaseOrder4"/>
</testsuite> <!-- com.Tiger2.CreatePurchaseOrder4 -->
