<?xml version="1.0" encoding="UTF-8"?>
<!-- Generated by org.testng.reporters.JUnitReportReporter -->
<testsuite hostname="LAPTOP-U7HBVMA8" name="com.Tiger2.SearchPurchaseOrder1" tests="1" failures="0" timestamp="25 Aug 2020 05:21:48 GMT" time="18.736" errors="0">
  <testcase name="toSerach1" time="18.736" classname="com.Tiger2.SearchPurchaseOrder1"/>
</testsuite> <!-- com.Tiger2.SearchPurchaseOrder1 -->
