<?xml version="1.0" encoding="UTF-8"?>
<!-- Generated by org.testng.reporters.JUnitReportReporter -->
<testsuite hostname="LAPTOP-U7HBVMA8" name="com.Tiger2.CreateFilter2" tests="1" failures="0" timestamp="25 Aug 2020 06:32:28 GMT" time="25.387" errors="0">
  <testcase name="toCreateFilter2" time="25.387" classname="com.Tiger2.CreateFilter2"/>
</testsuite> <!-- com.Tiger2.CreateFilter2 -->
