<?xml version="1.0" encoding="UTF-8"?>
<!-- Generated by org.testng.reporters.JUnitReportReporter -->
<testsuite hostname="LAPTOP-U7HBVMA8" name="com.Tiger2.DeleteFilter1" tests="1" failures="0" timestamp="25 Aug 2020 06:54:03 GMT" time="16.758" errors="0">
  <testcase name="toDeleteFilter1" time="16.758" classname="com.Tiger2.DeleteFilter1"/>
</testsuite> <!-- com.Tiger2.DeleteFilter1 -->
