<?xml version="1.0" encoding="UTF-8"?>
<!-- Generated by org.testng.reporters.JUnitReportReporter -->
<testsuite hostname="LAPTOP-U7HBVMA8" name="com.Tiger2.CreateInvoice1" tests="1" failures="0" timestamp="25 Aug 2020 12:58:58 GMT" time="29.341" errors="0">
  <testcase name="toCreateInvoice1" time="29.341" classname="com.Tiger2.CreateInvoice1"/>
</testsuite> <!-- com.Tiger2.CreateInvoice1 -->
