<?xml version="1.0" encoding="UTF-8"?>
<!-- Generated by org.testng.reporters.JUnitReportReporter -->
<testsuite hostname="LAPTOP-U7HBVMA8" name="com.Tiger2.DeletePurchaseOrder2" tests="1" failures="0" timestamp="25 Aug 2020 07:31:26 GMT" time="15.378" errors="0">
  <testcase name="toDeletePurchase2" time="15.378" classname="com.Tiger2.DeletePurchaseOrder2"/>
</testsuite> <!-- com.Tiger2.DeletePurchaseOrder2 -->
