<?xml version="1.0" encoding="UTF-8"?>
<!-- Generated by org.testng.reporters.JUnitReportReporter -->
<testsuite hostname="LAPTOP-U7HBVMA8" name="com.Tiger2.CreateDuplicatePurchaseOrder1" tests="1" failures="0" timestamp="26 Aug 2020 11:18:50 GMT" time="33.857" errors="0">
  <testcase name="toCreateDuplicate1" time="33.857" classname="com.Tiger2.CreateDuplicatePurchaseOrder1"/>
</testsuite> <!-- com.Tiger2.CreateDuplicatePurchaseOrder1 -->
