<?xml version="1.0" encoding="UTF-8"?>
<!-- Generated by org.testng.reporters.JUnitReportReporter -->
<testsuite hostname="LAPTOP-U7HBVMA8" name="com.Tiger2.CreateSalesOrder3" tests="1" failures="0" timestamp="25 Aug 2020 11:41:15 GMT" time="22.471" errors="0">
  <testcase name="toCreateSalesOrder3" time="22.471" classname="com.Tiger2.CreateSalesOrder3"/>
</testsuite> <!-- com.Tiger2.CreateSalesOrder3 -->
