<?xml version="1.0" encoding="UTF-8"?>
<!-- Generated by org.testng.reporters.JUnitReportReporter -->
<testsuite hostname="LAPTOP-U7HBVMA8" name="com.Tiger2.CreateFilter1" tests="1" failures="0" timestamp="25 Aug 2020 06:33:30 GMT" time="20.220" errors="0">
  <testcase name="toCreateFilter1" time="20.220" classname="com.Tiger2.CreateFilter1"/>
</testsuite> <!-- com.Tiger2.CreateFilter1 -->
