<?xml version="1.0" encoding="UTF-8"?>
<!-- Generated by org.testng.reporters.JUnitReportReporter -->
<testsuite hostname="LAPTOP-U7HBVMA8" name="com.Tiger2.CreateSalesOrder1" tests="1" failures="0" timestamp="25 Aug 2020 11:29:15 GMT" time="29.568" errors="0">
  <testcase name="toCreateSalesOrder1" time="29.568" classname="com.Tiger2.CreateSalesOrder1"/>
</testsuite> <!-- com.Tiger2.CreateSalesOrder1 -->
