<?xml version="1.0" encoding="UTF-8"?>
<!-- Generated by org.testng.reporters.JUnitReportReporter -->
<testsuite hostname="LAPTOP-U7HBVMA8" name="com.Tiger2.SearchSalesOrder1" tests="1" failures="0" timestamp="25 Aug 2020 11:53:55 GMT" time="17.085" errors="0">
  <testcase name="toSerach1" time="17.085" classname="com.Tiger2.SearchSalesOrder1"/>
</testsuite> <!-- com.Tiger2.SearchSalesOrder1 -->
