<?xml version="1.0" encoding="UTF-8"?>
<!-- Generated by org.testng.reporters.JUnitReportReporter -->
<testsuite hostname="LAPTOP-U7HBVMA8" name="com.Tiger2.SearchPurchaseOrder2" tests="1" failures="0" timestamp="25 Aug 2020 05:32:49 GMT" time="15.909" errors="0">
  <testcase name="toSearch2" time="15.909" classname="com.Tiger2.SearchPurchaseOrder2"/>
</testsuite> <!-- com.Tiger2.SearchPurchaseOrder2 -->
