<?xml version="1.0" encoding="UTF-8"?>
<!-- Generated by org.testng.reporters.JUnitReportReporter -->
<testsuite hostname="LAPTOP-U7HBVMA8" name="com.Tiger2.CreateSalesOrder2" tests="1" failures="0" timestamp="25 Aug 2020 11:33:20 GMT" time="28.768" errors="0">
  <testcase name="toCreateSalesOrder2" time="28.768" classname="com.Tiger2.CreateSalesOrder2"/>
</testsuite> <!-- com.Tiger2.CreateSalesOrder2 -->
