<?xml version="1.0" encoding="UTF-8"?>
<!-- Generated by org.testng.reporters.JUnitReportReporter -->
<testsuite hostname="LAPTOP-U7HBVMA8" name="com.Tiger2.CreateFilter3" tests="1" failures="0" timestamp="25 Aug 2020 06:53:18 GMT" time="17.156" errors="0">
  <testcase name="toCreateFilter3" time="17.156" classname="com.Tiger2.CreateFilter3"/>
</testsuite> <!-- com.Tiger2.CreateFilter3 -->
