<?xml version="1.0" encoding="UTF-8"?>
<!-- Generated by org.testng.reporters.JUnitReportReporter -->
<testsuite hostname="LAPTOP-U7HBVMA8" name="com.Tiger2.CreatePurchaseOrder3" tests="1" failures="0" timestamp="24 Aug 2020 16:42:07 GMT" time="29.194" errors="0">
  <testcase name="toCreatePurchaseOrder3" time="29.194" classname="com.Tiger2.CreatePurchaseOrder3"/>
</testsuite> <!-- com.Tiger2.CreatePurchaseOrder3 -->
