<?xml version="1.0" encoding="UTF-8"?>
<!-- Generated by org.testng.reporters.JUnitReportReporter -->
<testsuite hostname="LAPTOP-U7HBVMA8" name="com.Tiger2.CreatePurchaseOrder2" tests="1" failures="0" timestamp="24 Aug 2020 15:56:42 GMT" time="24.275" errors="0">
  <testcase name="toCreatePurchaseOrder2" time="24.275" classname="com.Tiger2.CreatePurchaseOrder2"/>
</testsuite> <!-- com.Tiger2.CreatePurchaseOrder2 -->
