<?xml version="1.0" encoding="UTF-8"?>
<!-- Generated by org.testng.reporters.JUnitReportReporter -->
<testsuite hostname="LAPTOP-U7HBVMA8" name="com.Tiger2.CreatePurchaseOrder1" tests="1" failures="0" timestamp="24 Aug 2020 16:19:12 GMT" time="25.196" errors="0">
  <testcase name="toCreatePurchaseOrder1" time="25.196" classname="com.Tiger2.CreatePurchaseOrder1"/>
</testsuite> <!-- com.Tiger2.CreatePurchaseOrder1 -->
