<?xml version="1.0" encoding="UTF-8"?>
<!-- Generated by org.testng.reporters.JUnitReportReporter -->
<testsuite hostname="LAPTOP-U7HBVMA8" name="com.Tiger2.EditPurchaseOrder1" tests="1" failures="0" timestamp="24 Aug 2020 17:27:21 GMT" time="13.627" errors="0">
  <testcase name="toCreateEditPurchaseOrder1" time="13.627" classname="com.Tiger2.EditPurchaseOrder1"/>
</testsuite> <!-- com.Tiger2.EditPurchaseOrder1 -->
