<?xml version="1.0" encoding="UTF-8"?>
<!-- Generated by org.testng.reporters.JUnitReportReporter -->
<testsuite hostname="LAPTOP-U7HBVMA8" name="com.Tiger2.DeletePurchaseOrder1" tests="1" failures="0" timestamp="25 Aug 2020 07:13:42 GMT" time="14.672" errors="0">
  <testcase name="toDeletePurchase1" time="14.672" classname="com.Tiger2.DeletePurchaseOrder1"/>
</testsuite> <!-- com.Tiger2.DeletePurchaseOrder1 -->
