<?xml version="1.0" encoding="UTF-8"?>
<!-- Generated by org.testng.reporters.JUnitReportReporter -->
<testsuite hostname="LAPTOP-U7HBVMA8" name="com.Tiger2.EditFilter1" tests="1" failures="0" timestamp="25 Aug 2020 06:39:40 GMT" time="17.181" errors="0">
  <testcase name="toEditFilter1" time="17.181" classname="com.Tiger2.EditFilter1"/>
</testsuite> <!-- com.Tiger2.EditFilter1 -->
